<?xml version="1.0" encoding="UTF-8"?>
<testsuite xmlns:xsi="http://www.w3.org/2001/XMLSchema-instance" xsi:noNamespaceSchemaLocation="https://maven.apache.org/surefire/maven-surefire-plugin/xsd/surefire-test-report-3.0.xsd" version="3.0" name="TestSuite" time="14.879" tests="16" errors="0" skipped="13" failures="3">
  <properties>
[...]
</properties>
  <testcase name="setup" classname="com.ecomm.tests.LoginPageTest" time="7.755">
    <failure message="unknown error: cannot find Chrome binary&#10;Build info: version: &apos;3.141.59&apos;, revision: &apos;e82be7d358&apos;, time: &apos;2018-11-14T08:17:03&apos;&#10;System info: host: &apos;DESKTOP-K092JRV&apos;, ip: &apos;192.168.56.1&apos;, os.name: &apos;Windows 10&apos;, os.arch: &apos;amd64&apos;, os.version: &apos;10.0&apos;, java.version: &apos;1.8.0_111&apos;&#10;Driver info: driver.version: ChromeDriver&#10;remote stacktrace: Backtrace:&#10;	Ordinal0 [0x0114C013+2474003]&#10;	Ordinal0 [0x010E29C1+2042305]&#10;	Ordinal0 [0x00FF2F68+1060712]&#10;	Ordinal0 [0x0100C626+1164838]&#10;	Ordinal0 [0x0100AA83+1157763]&#10;	Ordinal0 [0x0103A2A2+1352354]&#10;	Ordinal0 [0x01038FAA+1347498]&#10;	Ordinal0 [0x010366DB+1337051]&#10;	Ordinal0 [0x01013427+1192999]&#10;	Ordinal0 [0x010142EE+1196782]&#10;	Ordinal0 [0x01014279+1196665]&#10;	GetHandleVerifier [0x012D96FC+1590332]&#10;	GetHandleVerifier [0x01388614+2306900]&#10;	GetHandleVerifier [0x011D9E93+543699]&#10;	GetHandleVerifier [0x011D92CE+540686]&#10;	Ordinal0 [0x010E86BA+2066106]&#10;	Ordinal0 [0x010ED1C8+2085320]&#10;	Ordinal0 [0x010ED308+2085640]&#10;	Ordinal0 [0x010F67F3+2123763]&#10;	BaseThreadInitThunk [0x75AAFA29+25]&#10;	RtlGetAppContainerNamedObjectPath [0x77007A9E+286]&#10;	RtlGetAppContainerNamedObjectPath [0x77007A6E+238]&#10;" type="org.openqa.selenium.WebDriverException"><![CDATA[org.openqa.selenium.WebDriverException: 
unknown error: cannot find Chrome binary
Build info: version: '3.141.59', revision: 'e82be7d358', time: '2018-11-14T08:17:03'
System info: host: 'DESKTOP-K092JRV', ip: '192.168.56.1', os.name: 'Windows 10', os.arch: 'amd64', os.version: '10.0', java.version: '1.8.0_111'
Driver info: driver.version: ChromeDriver
remote stacktrace: Backtrace:
	Ordinal0 [0x0114C013+2474003]
	Ordinal0 [0x010E29C1+2042305]
	Ordinal0 [0x00FF2F68+1060712]
	Ordinal0 [0x0100C626+1164838]
	Ordinal0 [0x0100AA83+1157763]
	Ordinal0 [0x0103A2A2+1352354]
	Ordinal0 [0x01038FAA+1347498]
	Ordinal0 [0x010366DB+1337051]
	Ordinal0 [0x01013427+1192999]
	Ordinal0 [0x010142EE+1196782]
	Ordinal0 [0x01014279+1196665]
	GetHandleVerifier [0x012D96FC+1590332]
	GetHandleVerifier [0x01388614+2306900]
	GetHandleVerifier [0x011D9E93+543699]
	GetHandleVerifier [0x011D92CE+540686]
	Ordinal0 [0x010E86BA+2066106]
	Ordinal0 [0x010ED1C8+2085320]
	Ordinal0 [0x010ED308+2085640]
	Ordinal0 [0x010F67F3+2123763]
	BaseThreadInitThunk [0x75AAFA29+25]
	RtlGetAppContainerNamedObjectPath [0x77007A9E+286]
	RtlGetAppContainerNamedObjectPath [0x77007A6E+238]

	at com.ecomm.tests.LoginPageTest.setup(LoginPageTest.java:18)
]]></failure>
    <system-err><![CDATA[Starting ChromeDriver 90.0.4430.24 (4c6d850f087da467d926e8eddb76550aed655991-refs/branch-heads/4430@{#429}) on port 18005
Only local connections are allowed.
Please see https://chromedriver.chromium.org/security-considerations for suggestions on keeping ChromeDriver safe.
ChromeDriver was started successfully.
]]></system-err>
  </testcase>
  <testcase name="setup" classname="com.ecomm.tests.LoginPageTest" time="0">
    <skipped/>
  </testcase>
  <testcase name="setup" classname="com.ecomm.tests.LoginPageTest" time="0">
    <skipped/>
  </testcase>
  <testcase name="LoginTest" classname="com.ecomm.tests.LoginPageTest" time="0">
    <skipped message="unknown error: cannot find Chrome binary&#10;Build info: version: &apos;3.141.59&apos;, revision: &apos;e82be7d358&apos;, time: &apos;2018-11-14T08:17:03&apos;&#10;System info: host: &apos;DESKTOP-K092JRV&apos;, ip: &apos;192.168.56.1&apos;, os.name: &apos;Windows 10&apos;, os.arch: &apos;amd64&apos;, os.version: &apos;10.0&apos;, java.version: &apos;1.8.0_111&apos;&#10;Driver info: driver.version: ChromeDriver&#10;remote stacktrace: Backtrace:&#10;	Ordinal0 [0x0114C013+2474003]&#10;	Ordinal0 [0x010E29C1+2042305]&#10;	Ordinal0 [0x00FF2F68+1060712]&#10;	Ordinal0 [0x0100C626+1164838]&#10;	Ordinal0 [0x0100AA83+1157763]&#10;	Ordinal0 [0x0103A2A2+1352354]&#10;	Ordinal0 [0x01038FAA+1347498]&#10;	Ordinal0 [0x010366DB+1337051]&#10;	Ordinal0 [0x01013427+1192999]&#10;	Ordinal0 [0x010142EE+1196782]&#10;	Ordinal0 [0x01014279+1196665]&#10;	GetHandleVerifier [0x012D96FC+1590332]&#10;	GetHandleVerifier [0x01388614+2306900]&#10;	GetHandleVerifier [0x011D9E93+543699]&#10;	GetHandleVerifier [0x011D92CE+540686]&#10;	Ordinal0 [0x010E86BA+2066106]&#10;	Ordinal0 [0x010ED1C8+2085320]&#10;	Ordinal0 [0x010ED308+2085640]&#10;	Ordinal0 [0x010F67F3+2123763]&#10;	BaseThreadInitThunk [0x75AAFA29+25]&#10;	RtlGetAppContainerNamedObjectPath [0x77007A9E+286]&#10;	RtlGetAppContainerNamedObjectPath [0x77007A6E+238]&#10;"/>
  </testcase>
  <testcase name="teardown" classname="com.ecomm.tests.LoginPageTest" time="0">
    <skipped/>
  </testcase>
  <testcase name="teardown" classname="com.ecomm.tests.LoginPageTest" time="0">
    <skipped/>
  </testcase>
  <testcase name="teardown" classname="com.ecomm.tests.LoginPageTest" time="0">
    <skipped/>
  </testcase>
  <testcase name="InvalidLoginTest" classname="com.ecomm.tests.LoginPageTest" time="0">
    <skipped message="unknown error: cannot find Chrome binary&#10;Build info: version: &apos;3.141.59&apos;, revision: &apos;e82be7d358&apos;, time: &apos;2018-11-14T08:17:03&apos;&#10;System info: host: &apos;DESKTOP-K092JRV&apos;, ip: &apos;192.168.56.1&apos;, os.name: &apos;Windows 10&apos;, os.arch: &apos;amd64&apos;, os.version: &apos;10.0&apos;, java.version: &apos;1.8.0_111&apos;&#10;Driver info: driver.version: ChromeDriver&#10;remote stacktrace: Backtrace:&#10;	Ordinal0 [0x0114C013+2474003]&#10;	Ordinal0 [0x010E29C1+2042305]&#10;	Ordinal0 [0x00FF2F68+1060712]&#10;	Ordinal0 [0x0100C626+1164838]&#10;	Ordinal0 [0x0100AA83+1157763]&#10;	Ordinal0 [0x0103A2A2+1352354]&#10;	Ordinal0 [0x01038FAA+1347498]&#10;	Ordinal0 [0x010366DB+1337051]&#10;	Ordinal0 [0x01013427+1192999]&#10;	Ordinal0 [0x010142EE+1196782]&#10;	Ordinal0 [0x01014279+1196665]&#10;	GetHandleVerifier [0x012D96FC+1590332]&#10;	GetHandleVerifier [0x01388614+2306900]&#10;	GetHandleVerifier [0x011D9E93+543699]&#10;	GetHandleVerifier [0x011D92CE+540686]&#10;	Ordinal0 [0x010E86BA+2066106]&#10;	Ordinal0 [0x010ED1C8+2085320]&#10;	Ordinal0 [0x010ED308+2085640]&#10;	Ordinal0 [0x010F67F3+2123763]&#10;	BaseThreadInitThunk [0x75AAFA29+25]&#10;	RtlGetAppContainerNamedObjectPath [0x77007A9E+286]&#10;	RtlGetAppContainerNamedObjectPath [0x77007A6E+238]&#10;"/>
  </testcase>
  <testcase name="InvalidLoginTest" classname="com.ecomm.tests.LoginPageTest" time="0">
    <skipped message="unknown error: cannot find Chrome binary&#10;Build info: version: &apos;3.141.59&apos;, revision: &apos;e82be7d358&apos;, time: &apos;2018-11-14T08:17:03&apos;&#10;System info: host: &apos;DESKTOP-K092JRV&apos;, ip: &apos;192.168.56.1&apos;, os.name: &apos;Windows 10&apos;, os.arch: &apos;amd64&apos;, os.version: &apos;10.0&apos;, java.version: &apos;1.8.0_111&apos;&#10;Driver info: driver.version: ChromeDriver&#10;remote stacktrace: Backtrace:&#10;	Ordinal0 [0x0114C013+2474003]&#10;	Ordinal0 [0x010E29C1+2042305]&#10;	Ordinal0 [0x00FF2F68+1060712]&#10;	Ordinal0 [0x0100C626+1164838]&#10;	Ordinal0 [0x0100AA83+1157763]&#10;	Ordinal0 [0x0103A2A2+1352354]&#10;	Ordinal0 [0x01038FAA+1347498]&#10;	Ordinal0 [0x010366DB+1337051]&#10;	Ordinal0 [0x01013427+1192999]&#10;	Ordinal0 [0x010142EE+1196782]&#10;	Ordinal0 [0x01014279+1196665]&#10;	GetHandleVerifier [0x012D96FC+1590332]&#10;	GetHandleVerifier [0x01388614+2306900]&#10;	GetHandleVerifier [0x011D9E93+543699]&#10;	GetHandleVerifier [0x011D92CE+540686]&#10;	Ordinal0 [0x010E86BA+2066106]&#10;	Ordinal0 [0x010ED1C8+2085320]&#10;	Ordinal0 [0x010ED308+2085640]&#10;	Ordinal0 [0x010F67F3+2123763]&#10;	BaseThreadInitThunk [0x75AAFA29+25]&#10;	RtlGetAppContainerNamedObjectPath [0x77007A9E+286]&#10;	RtlGetAppContainerNamedObjectPath [0x77007A6E+238]&#10;"/>
  </testcase>
  <testcase name="setup" classname="com.ecomm.tests.HomePageTests" time="8.404">
    <failure message="unknown error: cannot find Chrome binary&#10;Build info: version: &apos;3.141.59&apos;, revision: &apos;e82be7d358&apos;, time: &apos;2018-11-14T08:17:03&apos;&#10;System info: host: &apos;DESKTOP-K092JRV&apos;, ip: &apos;192.168.56.1&apos;, os.name: &apos;Windows 10&apos;, os.arch: &apos;amd64&apos;, os.version: &apos;10.0&apos;, java.version: &apos;1.8.0_111&apos;&#10;Driver info: driver.version: ChromeDriver&#10;remote stacktrace: Backtrace:&#10;	Ordinal0 [0x0114C013+2474003]&#10;	Ordinal0 [0x010E29C1+2042305]&#10;	Ordinal0 [0x00FF2F68+1060712]&#10;	Ordinal0 [0x0100C626+1164838]&#10;	Ordinal0 [0x0100AA83+1157763]&#10;	Ordinal0 [0x0103A2A2+1352354]&#10;	Ordinal0 [0x01038FAA+1347498]&#10;	Ordinal0 [0x010366DB+1337051]&#10;	Ordinal0 [0x01013427+1192999]&#10;	Ordinal0 [0x010142EE+1196782]&#10;	Ordinal0 [0x01014279+1196665]&#10;	GetHandleVerifier [0x012D96FC+1590332]&#10;	GetHandleVerifier [0x01388614+2306900]&#10;	GetHandleVerifier [0x011D9E93+543699]&#10;	GetHandleVerifier [0x011D92CE+540686]&#10;	Ordinal0 [0x010E86BA+2066106]&#10;	Ordinal0 [0x010ED1C8+2085320]&#10;	Ordinal0 [0x010ED308+2085640]&#10;	Ordinal0 [0x010F67F3+2123763]&#10;	BaseThreadInitThunk [0x75AAFA29+25]&#10;	RtlGetAppContainerNamedObjectPath [0x77007A9E+286]&#10;	RtlGetAppContainerNamedObjectPath [0x77007A6E+238]&#10;" type="org.openqa.selenium.WebDriverException"><![CDATA[org.openqa.selenium.WebDriverException: 
unknown error: cannot find Chrome binary
Build info: version: '3.141.59', revision: 'e82be7d358', time: '2018-11-14T08:17:03'
System info: host: 'DESKTOP-K092JRV', ip: '192.168.56.1', os.name: 'Windows 10', os.arch: 'amd64', os.version: '10.0', java.version: '1.8.0_111'
Driver info: driver.version: ChromeDriver
remote stacktrace: Backtrace:
	Ordinal0 [0x0114C013+2474003]
	Ordinal0 [0x010E29C1+2042305]
	Ordinal0 [0x00FF2F68+1060712]
	Ordinal0 [0x0100C626+1164838]
	Ordinal0 [0x0100AA83+1157763]
	Ordinal0 [0x0103A2A2+1352354]
	Ordinal0 [0x01038FAA+1347498]
	Ordinal0 [0x010366DB+1337051]
	Ordinal0 [0x01013427+1192999]
	Ordinal0 [0x010142EE+1196782]
	Ordinal0 [0x01014279+1196665]
	GetHandleVerifier [0x012D96FC+1590332]
	GetHandleVerifier [0x01388614+2306900]
	GetHandleVerifier [0x011D9E93+543699]
	GetHandleVerifier [0x011D92CE+540686]
	Ordinal0 [0x010E86BA+2066106]
	Ordinal0 [0x010ED1C8+2085320]
	Ordinal0 [0x010ED308+2085640]
	Ordinal0 [0x010F67F3+2123763]
	BaseThreadInitThunk [0x75AAFA29+25]
	RtlGetAppContainerNamedObjectPath [0x77007A9E+286]
	RtlGetAppContainerNamedObjectPath [0x77007A6E+238]

	at com.ecomm.tests.HomePageTests.setup(HomePageTests.java:21)
]]></failure>
    <system-err><![CDATA[Starting ChromeDriver 90.0.4430.24 (4c6d850f087da467d926e8eddb76550aed655991-refs/branch-heads/4430@{#429}) on port 31056
Only local connections are allowed.
Please see https://chromedriver.chromium.org/security-considerations for suggestions on keeping ChromeDriver safe.
ChromeDriver was started successfully.
]]></system-err>
  </testcase>
  <testcase name="HomePageTitleTest" classname="com.ecomm.tests.HomePageTests" time="0">
    <skipped message="unknown error: cannot find Chrome binary&#10;Build info: version: &apos;3.141.59&apos;, revision: &apos;e82be7d358&apos;, time: &apos;2018-11-14T08:17:03&apos;&#10;System info: host: &apos;DESKTOP-K092JRV&apos;, ip: &apos;192.168.56.1&apos;, os.name: &apos;Windows 10&apos;, os.arch: &apos;amd64&apos;, os.version: &apos;10.0&apos;, java.version: &apos;1.8.0_111&apos;&#10;Driver info: driver.version: ChromeDriver&#10;remote stacktrace: Backtrace:&#10;	Ordinal0 [0x0114C013+2474003]&#10;	Ordinal0 [0x010E29C1+2042305]&#10;	Ordinal0 [0x00FF2F68+1060712]&#10;	Ordinal0 [0x0100C626+1164838]&#10;	Ordinal0 [0x0100AA83+1157763]&#10;	Ordinal0 [0x0103A2A2+1352354]&#10;	Ordinal0 [0x01038FAA+1347498]&#10;	Ordinal0 [0x010366DB+1337051]&#10;	Ordinal0 [0x01013427+1192999]&#10;	Ordinal0 [0x010142EE+1196782]&#10;	Ordinal0 [0x01014279+1196665]&#10;	GetHandleVerifier [0x012D96FC+1590332]&#10;	GetHandleVerifier [0x01388614+2306900]&#10;	GetHandleVerifier [0x011D9E93+543699]&#10;	GetHandleVerifier [0x011D92CE+540686]&#10;	Ordinal0 [0x010E86BA+2066106]&#10;	Ordinal0 [0x010ED1C8+2085320]&#10;	Ordinal0 [0x010ED308+2085640]&#10;	Ordinal0 [0x010F67F3+2123763]&#10;	BaseThreadInitThunk [0x75AAFA29+25]&#10;	RtlGetAppContainerNamedObjectPath [0x77007A9E+286]&#10;	RtlGetAppContainerNamedObjectPath [0x77007A6E+238]&#10;"/>
  </testcase>
  <testcase name="teardown" classname="com.ecomm.tests.HomePageTests" time="0">
    <skipped/>
  </testcase>
  <testcase name="setup" classname="com.ecomm.tests.MyAddressPageTest" time="14.469">
    <failure message="unknown error: cannot find Chrome binary&#10;Build info: version: &apos;3.141.59&apos;, revision: &apos;e82be7d358&apos;, time: &apos;2018-11-14T08:17:03&apos;&#10;System info: host: &apos;DESKTOP-K092JRV&apos;, ip: &apos;192.168.56.1&apos;, os.name: &apos;Windows 10&apos;, os.arch: &apos;amd64&apos;, os.version: &apos;10.0&apos;, java.version: &apos;1.8.0_111&apos;&#10;Driver info: driver.version: ChromeDriver&#10;remote stacktrace: Backtrace:&#10;	Ordinal0 [0x0114C013+2474003]&#10;	Ordinal0 [0x010E29C1+2042305]&#10;	Ordinal0 [0x00FF2F68+1060712]&#10;	Ordinal0 [0x0100C626+1164838]&#10;	Ordinal0 [0x0100AA83+1157763]&#10;	Ordinal0 [0x0103A2A2+1352354]&#10;	Ordinal0 [0x01038FAA+1347498]&#10;	Ordinal0 [0x010366DB+1337051]&#10;	Ordinal0 [0x01013427+1192999]&#10;	Ordinal0 [0x010142EE+1196782]&#10;	Ordinal0 [0x01014279+1196665]&#10;	GetHandleVerifier [0x012D96FC+1590332]&#10;	GetHandleVerifier [0x01388614+2306900]&#10;	GetHandleVerifier [0x011D9E93+543699]&#10;	GetHandleVerifier [0x011D92CE+540686]&#10;	Ordinal0 [0x010E86BA+2066106]&#10;	Ordinal0 [0x010ED1C8+2085320]&#10;	Ordinal0 [0x010ED308+2085640]&#10;	Ordinal0 [0x010F67F3+2123763]&#10;	BaseThreadInitThunk [0x75AAFA29+25]&#10;	RtlGetAppContainerNamedObjectPath [0x77007A9E+286]&#10;	RtlGetAppContainerNamedObjectPath [0x77007A6E+238]&#10;" type="org.openqa.selenium.WebDriverException"><![CDATA[org.openqa.selenium.WebDriverException: 
unknown error: cannot find Chrome binary
Build info: version: '3.141.59', revision: 'e82be7d358', time: '2018-11-14T08:17:03'
System info: host: 'DESKTOP-K092JRV', ip: '192.168.56.1', os.name: 'Windows 10', os.arch: 'amd64', os.version: '10.0', java.version: '1.8.0_111'
Driver info: driver.version: ChromeDriver
remote stacktrace: Backtrace:
	Ordinal0 [0x0114C013+2474003]
	Ordinal0 [0x010E29C1+2042305]
	Ordinal0 [0x00FF2F68+1060712]
	Ordinal0 [0x0100C626+1164838]
	Ordinal0 [0x0100AA83+1157763]
	Ordinal0 [0x0103A2A2+1352354]
	Ordinal0 [0x01038FAA+1347498]
	Ordinal0 [0x010366DB+1337051]
	Ordinal0 [0x01013427+1192999]
	Ordinal0 [0x010142EE+1196782]
	Ordinal0 [0x01014279+1196665]
	GetHandleVerifier [0x012D96FC+1590332]
	GetHandleVerifier [0x01388614+2306900]
	GetHandleVerifier [0x011D9E93+543699]
	GetHandleVerifier [0x011D92CE+540686]
	Ordinal0 [0x010E86BA+2066106]
	Ordinal0 [0x010ED1C8+2085320]
	Ordinal0 [0x010ED308+2085640]
	Ordinal0 [0x010F67F3+2123763]
	BaseThreadInitThunk [0x75AAFA29+25]
	RtlGetAppContainerNamedObjectPath [0x77007A9E+286]
	RtlGetAppContainerNamedObjectPath [0x77007A6E+238]

	at com.ecomm.tests.MyAddressPageTest.setup(MyAddressPageTest.java:38)
]]></failure>
    <system-err><![CDATA[Starting ChromeDriver 90.0.4430.24 (4c6d850f087da467d926e8eddb76550aed655991-refs/branch-heads/4430@{#429}) on port 1120
Only local connections are allowed.
Please see https://chromedriver.chromium.org/security-considerations for suggestions on keeping ChromeDriver safe.
ChromeDriver was started successfully.
]]></system-err>
  </testcase>
  <testcase name="setup" classname="com.ecomm.tests.MyAddressPageTest" time="0">
    <skipped/>
  </testcase>
  <testcase name="VerifyAddNewAddress" classname="com.ecomm.tests.MyAddressPageTest" time="0">
    <skipped message="unknown error: cannot find Chrome binary&#10;Build info: version: &apos;3.141.59&apos;, revision: &apos;e82be7d358&apos;, time: &apos;2018-11-14T08:17:03&apos;&#10;System info: host: &apos;DESKTOP-K092JRV&apos;, ip: &apos;192.168.56.1&apos;, os.name: &apos;Windows 10&apos;, os.arch: &apos;amd64&apos;, os.version: &apos;10.0&apos;, java.version: &apos;1.8.0_111&apos;&#10;Driver info: driver.version: ChromeDriver&#10;remote stacktrace: Backtrace:&#10;	Ordinal0 [0x0114C013+2474003]&#10;	Ordinal0 [0x010E29C1+2042305]&#10;	Ordinal0 [0x00FF2F68+1060712]&#10;	Ordinal0 [0x0100C626+1164838]&#10;	Ordinal0 [0x0100AA83+1157763]&#10;	Ordinal0 [0x0103A2A2+1352354]&#10;	Ordinal0 [0x01038FAA+1347498]&#10;	Ordinal0 [0x010366DB+1337051]&#10;	Ordinal0 [0x01013427+1192999]&#10;	Ordinal0 [0x010142EE+1196782]&#10;	Ordinal0 [0x01014279+1196665]&#10;	GetHandleVerifier [0x012D96FC+1590332]&#10;	GetHandleVerifier [0x01388614+2306900]&#10;	GetHandleVerifier [0x011D9E93+543699]&#10;	GetHandleVerifier [0x011D92CE+540686]&#10;	Ordinal0 [0x010E86BA+2066106]&#10;	Ordinal0 [0x010ED1C8+2085320]&#10;	Ordinal0 [0x010ED308+2085640]&#10;	Ordinal0 [0x010F67F3+2123763]&#10;	BaseThreadInitThunk [0x75AAFA29+25]&#10;	RtlGetAppContainerNamedObjectPath [0x77007A9E+286]&#10;	RtlGetAppContainerNamedObjectPath [0x77007A6E+238]&#10;"/>
  </testcase>
  <testcase name="VerifyAddNewAddress" classname="com.ecomm.tests.MyAddressPageTest" time="0">
    <skipped message="unknown error: cannot find Chrome binary&#10;Build info: version: &apos;3.141.59&apos;, revision: &apos;e82be7d358&apos;, time: &apos;2018-11-14T08:17:03&apos;&#10;System info: host: &apos;DESKTOP-K092JRV&apos;, ip: &apos;192.168.56.1&apos;, os.name: &apos;Windows 10&apos;, os.arch: &apos;amd64&apos;, os.version: &apos;10.0&apos;, java.version: &apos;1.8.0_111&apos;&#10;Driver info: driver.version: ChromeDriver&#10;remote stacktrace: Backtrace:&#10;	Ordinal0 [0x0114C013+2474003]&#10;	Ordinal0 [0x010E29C1+2042305]&#10;	Ordinal0 [0x00FF2F68+1060712]&#10;	Ordinal0 [0x0100C626+1164838]&#10;	Ordinal0 [0x0100AA83+1157763]&#10;	Ordinal0 [0x0103A2A2+1352354]&#10;	Ordinal0 [0x01038FAA+1347498]&#10;	Ordinal0 [0x010366DB+1337051]&#10;	Ordinal0 [0x01013427+1192999]&#10;	Ordinal0 [0x010142EE+1196782]&#10;	Ordinal0 [0x01014279+1196665]&#10;	GetHandleVerifier [0x012D96FC+1590332]&#10;	GetHandleVerifier [0x01388614+2306900]&#10;	GetHandleVerifier [0x011D9E93+543699]&#10;	GetHandleVerifier [0x011D92CE+540686]&#10;	Ordinal0 [0x010E86BA+2066106]&#10;	Ordinal0 [0x010ED1C8+2085320]&#10;	Ordinal0 [0x010ED308+2085640]&#10;	Ordinal0 [0x010F67F3+2123763]&#10;	BaseThreadInitThunk [0x75AAFA29+25]&#10;	RtlGetAppContainerNamedObjectPath [0x77007A9E+286]&#10;	RtlGetAppContainerNamedObjectPath [0x77007A6E+238]&#10;"/>
  </testcase>
</testsuite>