<?xml version="1.0" encoding="UTF-8"?>
<!-- Generated by org.testng.reporters.JUnitXMLReporter -->
<testsuite hostname="DESKTOP-K092JRV" ignored="0" name="E-Commerce Test" tests="5" failures="0" timestamp="28 Aug 2021 18:32:10 GMT" time="159.155" errors="0">
  <testcase name="LoginTest" time="8.724" classname="com.ecomm.tests.LoginPageTest"/>
  <testcase name="HomePageTitleTest" time="0.036" classname="com.ecomm.tests.HomePageTests"/>
  <testcase name="InvalidLoginTest" time="3.864" classname="com.ecomm.tests.LoginPageTest"/>
  <testcase name="InvalidLoginTest" time="4.07" classname="com.ecomm.tests.LoginPageTest"/>
  <testcase name="OrderHistory" time="2.15" classname="com.ecomm.tests.HomePageTests"/>
</testsuite> <!-- E-Commerce Test -->
