<?xml version="1.0" encoding="UTF-8"?>
<!-- Generated by org.testng.reporters.JUnitXMLReporter -->
<testsuite hostname="DESKTOP-K092JRV" ignored="2" name="E-Commerce Regression Test Cases" tests="3" failures="0" timestamp="15 Sep 2021 07:04:42 GMT" time="67.759" errors="0">
  <testcase name="InvalidLoginTest" time="8.637" classname="com.ecomm.tests.LoginPageTest"/>
  <testcase name="InvalidLoginTest" time="5.486" classname="com.ecomm.tests.LoginPageTest"/>
  <testcase name="OrderHistory" time="3.104" classname="com.ecomm.tests.HomePageTests"/>
  <testcase name="HomePageTitleTest" time="0.0" classname="com.ecomm.tests.HomePageTests">
    <ignored/>
  </testcase> <!-- HomePageTitleTest -->
  <testcase name="LoginTest" time="0.0" classname="com.ecomm.tests.LoginPageTest">
    <ignored/>
  </testcase> <!-- LoginTest -->
</testsuite> <!-- E-Commerce Regression Test Cases -->
