<?xml version="1.0" encoding="UTF-8"?>
<!-- Generated by org.testng.reporters.JUnitXMLReporter -->
<testsuite hostname="DESKTOP-K092JRV" ignored="2" name="E-Commerce Smoke Test Cases" tests="3" failures="0" timestamp="15 Sep 2021 07:16:56 GMT" time="114.638" errors="0">
  <testcase name="VerifyAddToCart" time="32.958" classname="com.ecomm.tests.TShirtsPageTest"/>
  <testcase name="LoginTest" time="10.497" classname="com.ecomm.tests.LoginPageTest"/>
  <testcase name="HomePageTitleTest" time="0.068" classname="com.ecomm.tests.HomePageTests"/>
  <testcase name="OrderHistory" time="0.0" classname="com.ecomm.tests.HomePageTests">
    <ignored/>
  </testcase> <!-- OrderHistory -->
  <testcase name="InvalidLoginTest" time="0.0" classname="com.ecomm.tests.LoginPageTest">
    <ignored/>
  </testcase> <!-- InvalidLoginTest -->
</testsuite> <!-- E-Commerce Smoke Test Cases -->
